<?xml version="1.0" encoding="UTF-8"?>
<!-- Generated by org.testng.reporters.JUnitXMLReporter -->
<testsuite hostname="DESKTOP-ARSCS60" ignored="0" name="SuiteB.PersonalDetails" tests="3" failures="0" timestamp="23 Nov 2020 19:29:35 GMT" time="0.041" errors="0">
  <testcase name="displayEmail" time="0.018" classname="SuiteB.PersonalDetails"/>
  <testcase name="displayName" time="0.006" classname="SuiteB.PersonalDetails"/>
  <testcase name="displayNumber" time="0.003" classname="SuiteB.PersonalDetails"/>
</testsuite> <!-- SuiteB.PersonalDetails -->
