<?xml version="1.0" encoding="UTF-8"?>
<!-- Generated by org.testng.reporters.JUnitXMLReporter -->
<testsuite hostname="DESKTOP-ARSCS60" ignored="0" name="PersonalDetails" tests="3" failures="0" timestamp="23 Nov 2020 18:36:18 GMT" time="0.146" errors="0">
  <testcase name="displayEmail" time="0.021" classname="TestNGConcepts.PersonalDetails"/>
  <testcase name="displayName" time="0.009" classname="TestNGConcepts.PersonalDetails"/>
  <testcase name="displayNumber" time="0.0" classname="TestNGConcepts.PersonalDetails"/>
</testsuite> <!-- PersonalDetails -->
